# JRE version: OpenJDK Runtime Environment Corretto-17.0.11.9.1 (17.0.11+9) (build 17.0.11+9-LTS)
# Java VM: OpenJDK 64-Bit Server VM Corretto-17.0.11.9.1 (17.0.11+9-LTS, mixed mode, emulated-client, sharing, tiered, compressed oops, compressed class ptrs, g1 gc, windows-amd64)
GC Precious Log:
 CPUs: 12 total, 12 available
 Memory: 15779M
 Large Page Support: Disabled
 NUMA Support: Disabled
 Compressed Oops: Enabled (Zero based)
 Heap Region Size: 2M
 Heap Min Capacity: 8M
 Heap Initial Capacity: 248M
 Heap Max Capacity: 3946M
 Pre-touch: Disabled
 Parallel Workers: 10
 Concurrent Workers: 3
 Concurrent Refinement Workers: 10
 Periodic GC: Disabled
Heap:
 garbage-first heap   total 157696K, used 20616K [0x0000000709600000, 0x0000000800000000)
  region size 2048K, 4 young (8192K), 3 survivors (6144K)
 Metaspace       used 36000K, committed 36416K, reserved 1114112K
  class space    used 4963K, committed 5184K, reserved 1048576K
GC Heap History (16 events):
Event: 0.723 GC heap before
{Heap before GC invocations=0 (full 0):
 garbage-first heap   total 253952K, used 22528K [0x0000000709600000, 0x0000000800000000)
  region size 2048K, 11 young (22528K), 0 survivors (0K)
 Metaspace       used 6681K, committed 6848K, reserved 1114112K
  class space    used 849K, committed 896K, reserved 1048576K
}
Event: 0.727 GC heap after
{Heap after GC invocations=1 (full 0):
 garbage-first heap   total 253952K, used 7170K [0x0000000709600000, 0x0000000800000000)
  region size 2048K, 2 young (4096K), 2 survivors (4096K)
 Metaspace       used 6681K, committed 6848K, reserved 1114112K
  class space    used 849K, committed 896K, reserved 1048576K
}
Event: 1.060 GC heap before
{Heap before GC invocations=1 (full 0):
 garbage-first heap   total 253952K, used 25602K [0x0000000709600000, 0x0000000800000000)
  region size 2048K, 11 young (22528K), 2 survivors (4096K)
 Metaspace       used 9734K, committed 9984K, reserved 1114112K
  class space    used 1291K, committed 1408K, reserved 1048576K
}
Event: 1.063 GC heap after
{Heap after GC invocations=2 (full 0):
 garbage-first heap   total 253952K, used 9065K [0x0000000709600000, 0x0000000800000000)
  region size 2048K, 1 young (2048K), 1 survivors (2048K)
 Metaspace       used 9734K, committed 9984K, reserved 1114112K
  class space    used 1291K, committed 1408K, reserved 1048576K
}
Event: 1.786 GC heap before
{Heap before GC invocations=2 (full 0):
 garbage-first heap   total 253952K, used 74601K [0x0000000709600000, 0x0000000800000000)
  region size 2048K, 33 young (67584K), 1 survivors (2048K)
 Metaspace       used 20246K, committed 20544K, reserved 1114112K
  class space    used 2733K, committed 2880K, reserved 1048576K
}
Event: 1.791 GC heap after
{Heap after GC invocations=3 (full 0):
 garbage-first heap   total 253952K, used 13924K [0x0000000709600000, 0x0000000800000000)
  region size 2048K, 4 young (8192K), 4 survivors (8192K)
 Metaspace       used 20246K, committed 20544K, reserved 1114112K
  class space    used 2733K, committed 2880K, reserved 1048576K
}
Event: 1.933 GC heap before
{Heap before GC invocations=3 (full 0):
 garbage-first heap   total 253952K, used 24164K [0x0000000709600000, 0x0000000800000000)
  region size 2048K, 10 young (20480K), 4 survivors (8192K)
 Metaspace       used 21180K, committed 21504K, reserved 1114112K
  class space    used 2869K, committed 3072K, reserved 1048576K
}
Event: 1.937 GC heap after
{Heap after GC invocations=4 (full 0):
 garbage-first heap   total 253952K, used 14569K [0x0000000709600000, 0x0000000800000000)
  region size 2048K, 4 young (8192K), 4 survivors (8192K)
 Metaspace       used 21180K, committed 21504K, reserved 1114112K
  class space    used 2869K, committed 3072K, reserved 1048576K
}
Event: 2.422 GC heap before
{Heap before GC invocations=5 (full 0):
 garbage-first heap   total 61440K, used 41193K [0x0000000709600000, 0x0000000800000000)
  region size 2048K, 18 young (36864K), 4 survivors (8192K)
 Metaspace       used 24715K, committed 25152K, reserved 1114112K
  class space    used 3430K, committed 3648K, reserved 1048576K
}
Event: 2.431 GC heap after
{Heap after GC invocations=6 (full 0):
 garbage-first heap   total 61440K, used 16021K [0x0000000709600000, 0x0000000800000000)
  region size 2048K, 2 young (4096K), 2 survivors (4096K)
 Metaspace       used 24715K, committed 25152K, reserved 1114112K
  class space    used 3430K, committed 3648K, reserved 1048576K
}
Event: 2.469 GC heap before
{Heap before GC invocations=6 (full 0):
 garbage-first heap   total 61440K, used 18069K [0x0000000709600000, 0x0000000800000000)
  region size 2048K, 3 young (6144K), 2 survivors (4096K)
 Metaspace       used 24973K, committed 25408K, reserved 1114112K
  class space    used 3478K, committed 3648K, reserved 1048576K
}
Event: 2.475 GC heap after
{Heap after GC invocations=7 (full 0):
 garbage-first heap   total 61440K, used 16212K [0x0000000709600000, 0x0000000800000000)
  region size 2048K, 1 young (2048K), 1 survivors (2048K)
 Metaspace       used 24973K, committed 25408K, reserved 1114112K
  class space    used 3478K, committed 3648K, reserved 1048576K
}
Event: 2.848 GC heap before
{Heap before GC invocations=7 (full 0):
 garbage-first heap   total 61440K, used 40788K [0x0000000709600000, 0x0000000800000000)
  region size 2048K, 13 young (26624K), 1 survivors (2048K)
 Metaspace       used 28414K, committed 28864K, reserved 1114112K
  class space    used 3950K, committed 4160K, reserved 1048576K
}
Event: 2.853 GC heap after
{Heap after GC invocations=8 (full 0):
 garbage-first heap   total 157696K, used 18017K [0x0000000709600000, 0x0000000800000000)
  region size 2048K, 2 young (4096K), 2 survivors (4096K)
 Metaspace       used 28414K, committed 28864K, reserved 1114112K
  class space    used 3950K, committed 4160K, reserved 1048576K
}
Event: 3.457 GC heap before
{Heap before GC invocations=8 (full 0):
 garbage-first heap   total 157696K, used 54881K [0x0000000709600000, 0x0000000800000000)
  region size 2048K, 21 young (43008K), 2 survivors (4096K)
 Metaspace       used 35686K, committed 36096K, reserved 1114112K
  class space    used 4909K, committed 5120K, reserved 1048576K
}
Event: 3.467 GC heap after
{Heap after GC invocations=9 (full 0):
 garbage-first heap   total 157696K, used 20616K [0x0000000709600000, 0x0000000800000000)
  region size 2048K, 3 young (6144K), 3 survivors (6144K)
 Metaspace       used 35686K, committed 36096K, reserved 1114112K
  class space    used 4909K, committed 5120K, reserved 1048576K
}

